[debug] [2024-02-18T10:36:53.907Z] ----------------------------------------------------------------------
[debug] [2024-02-18T10:36:53.910Z] Command:       /usr/local/bin/node /usr/local/bin/firebase init hosting:github
[debug] [2024-02-18T10:36:53.911Z] CLI Version:   13.3.0
[debug] [2024-02-18T10:36:53.911Z] Platform:      darwin
[debug] [2024-02-18T10:36:53.911Z] Node Version:  v19.2.0
[debug] [2024-02-18T10:36:53.911Z] Time:          Sun Feb 18 2024 11:36:53 GMT+0100 (Central European Standard Time)
[debug] [2024-02-18T10:36:53.911Z] ----------------------------------------------------------------------
[debug] 
[debug] [2024-02-18T10:36:53.982Z] > command requires scopes: ["email","openid","https://www.googleapis.com/auth/cloudplatformprojects.readonly","https://www.googleapis.com/auth/firebase","https://www.googleapis.com/auth/cloud-platform"]
[debug] [2024-02-18T10:36:53.983Z] > authorizing via signed-in user (dcromp88@googlemail.com)
[info] 
     ######## #### ########  ######## ########     ###     ######  ########
     ##        ##  ##     ## ##       ##     ##  ##   ##  ##       ##
     ######    ##  ########  ######   ########  #########  ######  ######
     ##        ##  ##    ##  ##       ##     ## ##     ##       ## ##
     ##       #### ##     ## ######## ########  ##     ##  ######  ########

You're about to initialize a Firebase project in this directory:

  /Users/davidcrompton/Documents/web-app-projects/gladius-frontend

Before we get started, keep in mind:

  * You are initializing within an existing Firebase project directory

[info] 
=== Project Setup
[info] 
[info] First, let's associate this project directory with a Firebase project.
[info] You can create multiple project aliases by running firebase use --add, 
[info] but for now we'll just set up a default project.
[info] 
[debug] [2024-02-18T10:36:53.987Z] Using project from CLI flag: wallet-login-45c1c
[debug] [2024-02-18T10:36:53.990Z] >>> [apiv2][query] GET https://firebase.googleapis.com/v1beta1/projects/wallet-login-45c1c [none]
[debug] [2024-02-18T10:36:54.314Z] <<< [apiv2][status] GET https://firebase.googleapis.com/v1beta1/projects/wallet-login-45c1c 200
[debug] [2024-02-18T10:36:54.314Z] <<< [apiv2][body] GET https://firebase.googleapis.com/v1beta1/projects/wallet-login-45c1c {"projectId":"wallet-login-45c1c","projectNumber":"167400148104","displayName":"wallet-login","name":"projects/wallet-login-45c1c","resources":{"hostingSite":"wallet-login-45c1c","realtimeDatabaseInstance":"wallet-login-45c1c-default-rtdb","storageBucket":"wallet-login-45c1c.appspot.com","locationId":"europe-west"},"state":"ACTIVE","etag":"1_e56274a4-d86d-4f6d-b850-fd4207df5b0f"}
[info] i  Using project wallet-login-45c1c (wallet-login) 
[info] 
=== Hosting:github Setup
[info] 
[info] i  Detected a .git folder at /Users/davidcrompton/Documents/web-app-projects/gladius-frontend 
[info] i  Authorizing with GitHub to upload your service account to a GitHub repository's secrets store. 
[info] 
[info] Visit this URL on this device to log in:
[info] https://github.com/login/oauth/authorize?client_id=89cf50f02ac6aaed3484&state=548559360&redirect_uri=http%3A%2F%2Flocalhost%3A9005&scope=read%3Auser%20repo%20public_repo
[info] 
[info] Waiting for authentication...
[debug] [2024-02-18T10:36:54.820Z] >>> [apiv2][query] POST https://github.com/login/oauth/access_token [none]
[debug] [2024-02-18T10:36:54.820Z] >>> [apiv2][body] POST https://github.com/login/oauth/access_token [stream]
[debug] [2024-02-18T10:36:55.109Z] <<< [apiv2][status] POST https://github.com/login/oauth/access_token 200
[debug] [2024-02-18T10:36:55.110Z] <<< [apiv2][body] POST https://github.com/login/oauth/access_token {"access_token":"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","token_type":"bearer","scope":"read:user,repo"}
[debug] [2024-02-18T10:36:55.115Z] >>> [apiv2][query] GET https://api.github.com/user [none]
[debug] [2024-02-18T10:36:55.442Z] <<< [apiv2][status] GET https://api.github.com/user 200
[debug] [2024-02-18T10:36:55.442Z] <<< [apiv2][body] GET https://api.github.com/user {"login":"dcromp","id":11479422,"node_id":"MDQ6VXNlcjExNDc5NDIy","avatar_url":"https://avatars.githubusercontent.com/u/11479422?v=4","gravatar_id":"","url":"https://api.github.com/users/dcromp","html_url":"https://github.com/dcromp","followers_url":"https://api.github.com/users/dcromp/followers","following_url":"https://api.github.com/users/dcromp/following{/other_user}","gists_url":"https://api.github.com/users/dcromp/gists{/gist_id}","starred_url":"https://api.github.com/users/dcromp/starred{/owner}{/repo}","subscriptions_url":"https://api.github.com/users/dcromp/subscriptions","organizations_url":"https://api.github.com/users/dcromp/orgs","repos_url":"https://api.github.com/users/dcromp/repos","events_url":"https://api.github.com/users/dcromp/events{/privacy}","received_events_url":"https://api.github.com/users/dcromp/received_events","type":"User","site_admin":false,"name":"David Crompton","company":null,"blog":"","location":null,"email":null,"hireable":null,"bio":null,"twitter_username":null,"public_repos":10,"public_gists":3,"followers":2,"following":0,"created_at":"2015-03-14T20:18:56Z","updated_at":"2024-02-18T09:54:02Z","private_gists":0,"total_private_repos":2,"owned_private_repos":2,"disk_usage":529093,"collaborators":0,"two_factor_authentication":true,"plan":{"name":"free","space":976562499,"collaborators":0,"private_repos":10000}}
[info] 
[info] ✔  Success! Logged into GitHub as dcromp 
[info] 
